Success (12):
group 22 _e-0000e21d-e05a-8000-7d4f-011e94011e94_61 "EAP All Users"
group 23 _e-0000e255-ca76-8000-23f0-011e94011e94_56 "testGrp"
content 6668 _a-0000e21d-e06a-8000-7d53-01ef9001ef90_48676 "Environmental Activity Permits"
content 6669 _a-0000e21d-e06a-8000-7d53-01ef9001ef90_48681 "EAP_getUsername"
content 6670 _a-0000e255-ca76-8000-23f0-01ef9001ef90_31523 "trialInterface"
content 6671 _a-0000e255-ca76-8000-23f0-01ef9001ef90_31545 "Interface2"
content 6672 _a-0000e255-ca76-8000-23f0-01ef9001ef90_33392 "EAP_getAddressDetails"
content 6673 _a-0000e268-07ce-8000-23f0-01ef9001ef90_31015 "EAP_uiSectionCustomerInfo"
processModelFolder 7 _g-0000e255-ca76-8000-23f0-014d98014d98_22 "EAP PM"
processModel 625 0002e287-8d74-8000-23f0-014d98014d98 "EAP_Test"
application 6674 _a-0000e21d-e06a-8000-7d53-01ef9001ef90_48669 "Environmental Activity Permits"
site 6 76485dcd-ab19-4e15-a3e5-a04001b12bd1 "Customer"

Referenced precedents that were not exported (1):
user kiranj kiranj

Trace:
2019-05-02 10:43:38.285 DEBUG application 6674 _a-0000e21d-e06a-8000-7d53-01ef9001ef90_48669 Begin transport.
2019-05-02 10:43:38.285 DEBUG application 6674 _a-0000e21d-e06a-8000-7d53-01ef9001ef90_48669 Retrieving object data.
2019-05-02 10:43:38.29 DEBUG application 6674 _a-0000e21d-e06a-8000-7d53-01ef9001ef90_48669 App associated objects: [datatype=[{urn:com:appian:types:EAP}EAP_PermitDetails],dataStore=[_a-0000e21d-e06a-8000-7d53-01ef9001ef90_48693],group=[_e-0000e21d-e05a-8000-7d4f-011e94011e94_61, _e-0000e255-ca76-8000-23f0-011e94011e94_56],content=[_a-0000e21d-e06a-8000-7d53-01ef9001ef90_48676, _a-0000e21d-e06a-8000-7d53-01ef9001ef90_48681, _a-0000e21d-e06a-8000-7d53-01ef9001ef90_55778, _a-0000e255-ca76-8000-23f0-01ef9001ef90_31523, _a-0000e255-ca76-8000-23f0-01ef9001ef90_31545, _a-0000e255-ca76-8000-23f0-01ef9001ef90_33392, _a-0000e268-07ce-8000-23f0-01ef9001ef90_31015],processModelFolder=[_g-0000e255-ca76-8000-23f0-014d98014d98_22],processModel=[0002e287-8d74-8000-23f0-014d98014d98],site=[76485dcd-ab19-4e15-a3e5-a04001b12bd1]]
2019-05-02 10:43:38.309 DEBUG application 6674 _a-0000e21d-e06a-8000-7d53-01ef9001ef90_48669 Invalid associated objects: [datatype=[{urn:com:appian:types:EAP}EAP_PermitDetails],dataStore=[_a-0000e21d-e06a-8000-7d53-01ef9001ef90_48693],content=[_a-0000e21d-e06a-8000-7d53-01ef9001ef90_55778]]
2019-05-02 10:43:38.309 DEBUG application 6674 _a-0000e21d-e06a-8000-7d53-01ef9001ef90_48669 Adding valid associated objects to be exported: GlobalBindingMap[group={_e-0000e21d-e05a-8000-7d4f-011e94011e94_61=22, _e-0000e255-ca76-8000-23f0-011e94011e94_56=23},content={_a-0000e21d-e06a-8000-7d53-01ef9001ef90_48676=6668, _a-0000e21d-e06a-8000-7d53-01ef9001ef90_48681=6669, _a-0000e255-ca76-8000-23f0-01ef9001ef90_31523=6670, _a-0000e255-ca76-8000-23f0-01ef9001ef90_31545=6671, _a-0000e255-ca76-8000-23f0-01ef9001ef90_33392=6672, _a-0000e268-07ce-8000-23f0-01ef9001ef90_31015=6673},processModelFolder={_g-0000e255-ca76-8000-23f0-014d98014d98_22=7},processModel={0002e287-8d74-8000-23f0-014d98014d98=625},site={76485dcd-ab19-4e15-a3e5-a04001b12bd1=6}]
2019-05-02 10:43:38.309 DEBUG application 6674 _a-0000e21d-e06a-8000-7d53-01ef9001ef90_48669 Setting uuids of object references.
2019-05-02 10:43:38.311 DEBUG application 6674 _a-0000e21d-e06a-8000-7d53-01ef9001ef90_48669 Processing reference: Application.forum
2019-05-02 10:43:38.312 DEBUG application 6674 _a-0000e21d-e06a-8000-7d53-01ef9001ef90_48669 Processing reference: Application.parent
2019-05-02 10:43:38.316 DEBUG application 6674 _a-0000e21d-e06a-8000-7d53-01ef9001ef90_48669 Processing reference: com.appiancorp.suiteapi.content.ContentRoleMap@d8130[
  ContentRole[name=readers,inherit=false,allowForAll=false]
  ContentRole[name=authors,inherit=false,allowForAll=false]
  ContentRole[name=administrators,usernames=[kiranj],groupIds=[22],inherit=false,allowForAll=false]
  ContentRole[name=denyReaders,inherit=false,allowForAll=false]
  ContentRole[name=denyAuthors,inherit=false,allowForAll=false]
  ContentRole[name=denyAdministrators,inherit=false,allowForAll=false]
  securityVector=129:SEC_PUBLIC=true,SEC_CREATOR_ADMIN=true,SEC_INH_ADMIN=false,SEC_INH_EDITOR=false,SEC_INH_VIEWER=false,SEC_ALL_ADMIN=false,SEC_ALL_EDITOR=false,SEC_ALL_VIEWER=false
]
2019-05-02 10:43:38.316 DEBUG application 6674 _a-0000e21d-e06a-8000-7d53-01ef9001ef90_48669 Processing reference: ContentRole[name=readers,inherit=false,allowForAll=false]
2019-05-02 10:43:38.316 DEBUG application 6674 _a-0000e21d-e06a-8000-7d53-01ef9001ef90_48669 Processing reference: ContentRole[name=authors,inherit=false,allowForAll=false]
2019-05-02 10:43:38.316 DEBUG application 6674 _a-0000e21d-e06a-8000-7d53-01ef9001ef90_48669 Processing reference: ContentRole[name=administrators,usernames=[kiranj],groupIds=[22],inherit=false,allowForAll=false]
2019-05-02 10:43:38.319 DEBUG group 22 _e-0000e21d-e05a-8000-7d4f-011e94011e94_61 Begin transport.
2019-05-02 10:43:38.319 DEBUG group 22 _e-0000e21d-e05a-8000-7d4f-011e94011e94_61 Retrieving object data.
2019-05-02 10:43:38.325 DEBUG group 22 _e-0000e21d-e05a-8000-7d4f-011e94011e94_61 Setting uuids of object references.
2019-05-02 10:43:38.325 DEBUG group 22 _e-0000e21d-e05a-8000-7d4f-011e94011e94_61 Processing reference: Role[name=<null>]
2019-05-02 10:43:38.326 DEBUG group 22 _e-0000e21d-e05a-8000-7d4f-011e94011e94_61 Processing reference: Group.groupTypeId
2019-05-02 10:43:38.329 DEBUG group 22 _e-0000e21d-e05a-8000-7d4f-011e94011e94_61 Processing reference: Group.parentId
2019-05-02 10:43:38.33 DEBUG group 22 _e-0000e21d-e05a-8000-7d4f-011e94011e94_61 Processing reference: Group.homePageId
2019-05-02 10:43:38.33 DEBUG group 22 _e-0000e21d-e05a-8000-7d4f-011e94011e94_61 Processing reference: Role[name=<null>]
2019-05-02 10:43:38.33 DEBUG group 22 _e-0000e21d-e05a-8000-7d4f-011e94011e94_61 Completing produce.
2019-05-02 10:43:38.33 DEBUG group 22 _e-0000e21d-e05a-8000-7d4f-011e94011e94_61 Exporting binary resources.
2019-05-02 10:43:38.33 DEBUG group 22 _e-0000e21d-e05a-8000-7d4f-011e94011e94_61 Serializing object to XML.
2019-05-02 10:43:38.331 DEBUG group 22 _e-0000e21d-e05a-8000-7d4f-011e94011e94_61 Object transported.
2019-05-02 10:43:38.331 DEBUG application 6674 _a-0000e21d-e06a-8000-7d53-01ef9001ef90_48669 Processing reference: ContentRole[name=denyReaders,inherit=false,allowForAll=false]
2019-05-02 10:43:38.331 DEBUG application 6674 _a-0000e21d-e06a-8000-7d53-01ef9001ef90_48669 Processing reference: ContentRole[name=denyAuthors,inherit=false,allowForAll=false]
2019-05-02 10:43:38.331 DEBUG application 6674 _a-0000e21d-e06a-8000-7d53-01ef9001ef90_48669 Processing reference: ContentRole[name=denyAdministrators,inherit=false,allowForAll=false]
2019-05-02 10:43:38.332 DEBUG group 23 _e-0000e255-ca76-8000-23f0-011e94011e94_56 Begin transport.
2019-05-02 10:43:38.332 DEBUG group 23 _e-0000e255-ca76-8000-23f0-011e94011e94_56 Retrieving object data.
2019-05-02 10:43:38.338 DEBUG group 23 _e-0000e255-ca76-8000-23f0-011e94011e94_56 Setting uuids of object references.
2019-05-02 10:43:38.338 DEBUG group 23 _e-0000e255-ca76-8000-23f0-011e94011e94_56 Processing reference: Role[name=<null>]
2019-05-02 10:43:38.338 DEBUG group 23 _e-0000e255-ca76-8000-23f0-011e94011e94_56 Processing reference: Group.groupTypeId
2019-05-02 10:43:38.341 DEBUG group 23 _e-0000e255-ca76-8000-23f0-011e94011e94_56 Processing reference: Group.parentId
2019-05-02 10:43:38.341 DEBUG group 23 _e-0000e255-ca76-8000-23f0-011e94011e94_56 Processing reference: Group.homePageId
2019-05-02 10:43:38.341 DEBUG group 23 _e-0000e255-ca76-8000-23f0-011e94011e94_56 Processing reference: Role[name=<null>]
2019-05-02 10:43:38.342 DEBUG group 23 _e-0000e255-ca76-8000-23f0-011e94011e94_56 Completing produce.
2019-05-02 10:43:38.342 DEBUG group 23 _e-0000e255-ca76-8000-23f0-011e94011e94_56 Exporting binary resources.
2019-05-02 10:43:38.342 DEBUG group 23 _e-0000e255-ca76-8000-23f0-011e94011e94_56 Serializing object to XML.
2019-05-02 10:43:38.342 DEBUG group 23 _e-0000e255-ca76-8000-23f0-011e94011e94_56 Object transported.
2019-05-02 10:43:38.345 DEBUG content 6668 _a-0000e21d-e06a-8000-7d53-01ef9001ef90_48676 Begin transport.
2019-05-02 10:43:38.345 DEBUG content 6668 _a-0000e21d-e06a-8000-7d53-01ef9001ef90_48676 Retrieving object data.
2019-05-02 10:43:38.353 DEBUG content 6668 _a-0000e21d-e06a-8000-7d53-01ef9001ef90_48676 Setting uuids of object references.
2019-05-02 10:43:38.353 DEBUG content 6668 _a-0000e21d-e06a-8000-7d53-01ef9001ef90_48676 Processing reference: RulesFolder.forum
2019-05-02 10:43:38.354 DEBUG content 6668 _a-0000e21d-e06a-8000-7d53-01ef9001ef90_48676 Processing reference: RulesFolder.parent
2019-05-02 10:43:38.357 DEBUG content 6668 _a-0000e21d-e06a-8000-7d53-01ef9001ef90_48676 Processing reference: com.appiancorp.suiteapi.content.ContentRoleMap@4f8d0b7d[
  ContentRole[name=readers,inherit=false,allowForAll=false]
  ContentRole[name=authors,inherit=false,allowForAll=false]
  ContentRole[name=administrators,groupIds=[22],inherit=false,allowForAll=false]
  ContentRole[name=denyReaders,inherit=false,allowForAll=false]
  ContentRole[name=denyAuthors,inherit=false,allowForAll=false]
  ContentRole[name=denyAdministrators,inherit=false,allowForAll=false]
  securityVector=1:SEC_PUBLIC=true,SEC_CREATOR_ADMIN=false,SEC_INH_ADMIN=false,SEC_INH_EDITOR=false,SEC_INH_VIEWER=false,SEC_ALL_ADMIN=false,SEC_ALL_EDITOR=false,SEC_ALL_VIEWER=false
]
2019-05-02 10:43:38.357 DEBUG content 6668 _a-0000e21d-e06a-8000-7d53-01ef9001ef90_48676 Processing reference: ContentRole[name=readers,inherit=false,allowForAll=false]
2019-05-02 10:43:38.357 DEBUG content 6668 _a-0000e21d-e06a-8000-7d53-01ef9001ef90_48676 Processing reference: ContentRole[name=authors,inherit=false,allowForAll=false]
2019-05-02 10:43:38.357 DEBUG content 6668 _a-0000e21d-e06a-8000-7d53-01ef9001ef90_48676 Processing reference: ContentRole[name=administrators,groupIds=[22],inherit=false,allowForAll=false]
2019-05-02 10:43:38.358 DEBUG content 6668 _a-0000e21d-e06a-8000-7d53-01ef9001ef90_48676 Processing reference: ContentRole[name=denyReaders,inherit=false,allowForAll=false]
2019-05-02 10:43:38.358 DEBUG content 6668 _a-0000e21d-e06a-8000-7d53-01ef9001ef90_48676 Processing reference: ContentRole[name=denyAuthors,inherit=false,allowForAll=false]
2019-05-02 10:43:38.358 DEBUG content 6668 _a-0000e21d-e06a-8000-7d53-01ef9001ef90_48676 Processing reference: ContentRole[name=denyAdministrators,inherit=false,allowForAll=false]
2019-05-02 10:43:38.358 DEBUG content 6668 _a-0000e21d-e06a-8000-7d53-01ef9001ef90_48676 Completing produce.
2019-05-02 10:43:38.358 DEBUG content 6668 _a-0000e21d-e06a-8000-7d53-01ef9001ef90_48676 Exporting binary resources.
2019-05-02 10:43:38.358 DEBUG content 6668 _a-0000e21d-e06a-8000-7d53-01ef9001ef90_48676 Serializing object to XML.
2019-05-02 10:43:38.359 DEBUG content 6668 _a-0000e21d-e06a-8000-7d53-01ef9001ef90_48676 Object transported.
2019-05-02 10:43:38.359 DEBUG content 6669 _a-0000e21d-e06a-8000-7d53-01ef9001ef90_48681 Begin transport.
2019-05-02 10:43:38.359 DEBUG content 6669 _a-0000e21d-e06a-8000-7d53-01ef9001ef90_48681 Retrieving object data.
2019-05-02 10:43:38.517 DEBUG content 6669 _a-0000e21d-e06a-8000-7d53-01ef9001ef90_48681 Setting uuids of object references.
2019-05-02 10:43:38.517 DEBUG content 6669 _a-0000e21d-e06a-8000-7d53-01ef9001ef90_48681 Processing reference: [Content:id=6669,versionId=-1,name=EAP_getUsername,type=32,subtype=1,uuid=_a-0000e21d-e06a-8000-7d53-01ef9001ef90_48681,parent=6668]
2019-05-02 10:43:38.518 DEBUG content 6669 _a-0000e21d-e06a-8000-7d53-01ef9001ef90_48681 Processing reference: FreeformRule.forum
2019-05-02 10:43:38.519 DEBUG content 6669 _a-0000e21d-e06a-8000-7d53-01ef9001ef90_48681 Processing reference: FreeformRule.parent
2019-05-02 10:43:38.522 DEBUG content 6669 _a-0000e21d-e06a-8000-7d53-01ef9001ef90_48681 Processing reference: com.appiancorp.suiteapi.content.ContentRoleMap@76c4ddb0[
  ContentRole[name=readers,inherit=true,allowForAll=false]
  ContentRole[name=authors,inherit=true,allowForAll=false]
  ContentRole[name=administrators,inherit=true,allowForAll=false]
  ContentRole[name=denyReaders,inherit=false,allowForAll=false]
  ContentRole[name=denyAuthors,inherit=false,allowForAll=false]
  ContentRole[name=denyAdministrators,inherit=false,allowForAll=false]
  securityVector=15:SEC_PUBLIC=true,SEC_CREATOR_ADMIN=false,SEC_INH_ADMIN=true,SEC_INH_EDITOR=true,SEC_INH_VIEWER=true,SEC_ALL_ADMIN=false,SEC_ALL_EDITOR=false,SEC_ALL_VIEWER=false
]
2019-05-02 10:43:38.522 DEBUG content 6669 _a-0000e21d-e06a-8000-7d53-01ef9001ef90_48681 Processing reference: ContentRole[name=readers,inherit=true,allowForAll=false]
2019-05-02 10:43:38.522 DEBUG content 6669 _a-0000e21d-e06a-8000-7d53-01ef9001ef90_48681 Processing reference: ContentRole[name=authors,inherit=true,allowForAll=false]
2019-05-02 10:43:38.522 DEBUG content 6669 _a-0000e21d-e06a-8000-7d53-01ef9001ef90_48681 Processing reference: ContentRole[name=administrators,inherit=true,allowForAll=false]
2019-05-02 10:43:38.522 DEBUG content 6669 _a-0000e21d-e06a-8000-7d53-01ef9001ef90_48681 Processing reference: ContentRole[name=denyReaders,inherit=false,allowForAll=false]
2019-05-02 10:43:38.522 DEBUG content 6669 _a-0000e21d-e06a-8000-7d53-01ef9001ef90_48681 Processing reference: ContentRole[name=denyAuthors,inherit=false,allowForAll=false]
2019-05-02 10:43:38.522 DEBUG content 6669 _a-0000e21d-e06a-8000-7d53-01ef9001ef90_48681 Processing reference: ContentRole[name=denyAdministrators,inherit=false,allowForAll=false]
2019-05-02 10:43:38.523 DEBUG content 6669 _a-0000e21d-e06a-8000-7d53-01ef9001ef90_48681 Completing produce.
2019-05-02 10:43:38.523 DEBUG content 6669 _a-0000e21d-e06a-8000-7d53-01ef9001ef90_48681 Exporting binary resources.
2019-05-02 10:43:38.523 DEBUG content 6669 _a-0000e21d-e06a-8000-7d53-01ef9001ef90_48681 Serializing object to XML.
2019-05-02 10:43:38.527 DEBUG content 6669 _a-0000e21d-e06a-8000-7d53-01ef9001ef90_48681 Object transported.
2019-05-02 10:43:38.527 DEBUG content 6670 _a-0000e255-ca76-8000-23f0-01ef9001ef90_31523 Begin transport.
2019-05-02 10:43:38.527 DEBUG content 6670 _a-0000e255-ca76-8000-23f0-01ef9001ef90_31523 Retrieving object data.
2019-05-02 10:43:38.537 DEBUG content 6670 _a-0000e255-ca76-8000-23f0-01ef9001ef90_31523 Setting uuids of object references.
2019-05-02 10:43:38.537 DEBUG content 6670 _a-0000e255-ca76-8000-23f0-01ef9001ef90_31523 Processing reference: [Content:id=6670,versionId=-1,name=trialInterface,type=32,subtype=6,uuid=_a-0000e255-ca76-8000-23f0-01ef9001ef90_31523,parent=6668]
2019-05-02 10:43:38.54 DEBUG content 6670 _a-0000e255-ca76-8000-23f0-01ef9001ef90_31523 Processing reference: Interface.forum
2019-05-02 10:43:38.54 DEBUG content 6670 _a-0000e255-ca76-8000-23f0-01ef9001ef90_31523 Processing reference: Interface.parent
2019-05-02 10:43:38.544 DEBUG content 6670 _a-0000e255-ca76-8000-23f0-01ef9001ef90_31523 Processing reference: com.appiancorp.suiteapi.content.ContentRoleMap@69245c25[
  ContentRole[name=readers,inherit=true,allowForAll=false]
  ContentRole[name=authors,inherit=true,allowForAll=false]
  ContentRole[name=administrators,inherit=true,allowForAll=false]
  ContentRole[name=denyReaders,inherit=false,allowForAll=false]
  ContentRole[name=denyAuthors,inherit=false,allowForAll=false]
  ContentRole[name=denyAdministrators,inherit=false,allowForAll=false]
  securityVector=15:SEC_PUBLIC=true,SEC_CREATOR_ADMIN=false,SEC_INH_ADMIN=true,SEC_INH_EDITOR=true,SEC_INH_VIEWER=true,SEC_ALL_ADMIN=false,SEC_ALL_EDITOR=false,SEC_ALL_VIEWER=false
]
2019-05-02 10:43:38.544 DEBUG content 6670 _a-0000e255-ca76-8000-23f0-01ef9001ef90_31523 Processing reference: ContentRole[name=readers,inherit=true,allowForAll=false]
2019-05-02 10:43:38.544 DEBUG content 6670 _a-0000e255-ca76-8000-23f0-01ef9001ef90_31523 Processing reference: ContentRole[name=authors,inherit=true,allowForAll=false]
2019-05-02 10:43:38.544 DEBUG content 6670 _a-0000e255-ca76-8000-23f0-01ef9001ef90_31523 Processing reference: ContentRole[name=administrators,inherit=true,allowForAll=false]
2019-05-02 10:43:38.544 DEBUG content 6670 _a-0000e255-ca76-8000-23f0-01ef9001ef90_31523 Processing reference: ContentRole[name=denyReaders,inherit=false,allowForAll=false]
2019-05-02 10:43:38.544 DEBUG content 6670 _a-0000e255-ca76-8000-23f0-01ef9001ef90_31523 Processing reference: ContentRole[name=denyAuthors,inherit=false,allowForAll=false]
2019-05-02 10:43:38.544 DEBUG content 6670 _a-0000e255-ca76-8000-23f0-01ef9001ef90_31523 Processing reference: ContentRole[name=denyAdministrators,inherit=false,allowForAll=false]
2019-05-02 10:43:38.544 DEBUG content 6670 _a-0000e255-ca76-8000-23f0-01ef9001ef90_31523 Completing produce.
2019-05-02 10:43:38.544 DEBUG content 6670 _a-0000e255-ca76-8000-23f0-01ef9001ef90_31523 Exporting binary resources.
2019-05-02 10:43:38.544 DEBUG content 6670 _a-0000e255-ca76-8000-23f0-01ef9001ef90_31523 Serializing object to XML.
2019-05-02 10:43:38.545 DEBUG content 6670 _a-0000e255-ca76-8000-23f0-01ef9001ef90_31523 Object transported.
2019-05-02 10:43:38.545 DEBUG content 6671 _a-0000e255-ca76-8000-23f0-01ef9001ef90_31545 Begin transport.
2019-05-02 10:43:38.545 DEBUG content 6671 _a-0000e255-ca76-8000-23f0-01ef9001ef90_31545 Retrieving object data.
2019-05-02 10:43:38.554 DEBUG content 6671 _a-0000e255-ca76-8000-23f0-01ef9001ef90_31545 Setting uuids of object references.
2019-05-02 10:43:38.554 DEBUG content 6671 _a-0000e255-ca76-8000-23f0-01ef9001ef90_31545 Processing reference: [Content:id=6671,versionId=-1,name=Interface2,type=32,subtype=6,uuid=_a-0000e255-ca76-8000-23f0-01ef9001ef90_31545,parent=6668]
2019-05-02 10:43:38.555 DEBUG content 6671 _a-0000e255-ca76-8000-23f0-01ef9001ef90_31545 Processing reference: Interface.forum
2019-05-02 10:43:38.555 DEBUG content 6671 _a-0000e255-ca76-8000-23f0-01ef9001ef90_31545 Processing reference: TypedVariable[name=cancel,it=26,v=<null>]
2019-05-02 10:43:38.556 DEBUG content 6671 _a-0000e255-ca76-8000-23f0-01ef9001ef90_31545 Processing reference: Interface.parent
2019-05-02 10:43:38.559 DEBUG content 6671 _a-0000e255-ca76-8000-23f0-01ef9001ef90_31545 Processing reference: com.appiancorp.suiteapi.content.ContentRoleMap@7e435bf1[
  ContentRole[name=readers,inherit=true,allowForAll=false]
  ContentRole[name=authors,inherit=true,allowForAll=false]
  ContentRole[name=administrators,inherit=true,allowForAll=false]
  ContentRole[name=denyReaders,inherit=false,allowForAll=false]
  ContentRole[name=denyAuthors,inherit=false,allowForAll=false]
  ContentRole[name=denyAdministrators,inherit=false,allowForAll=false]
  securityVector=15:SEC_PUBLIC=true,SEC_CREATOR_ADMIN=false,SEC_INH_ADMIN=true,SEC_INH_EDITOR=true,SEC_INH_VIEWER=true,SEC_ALL_ADMIN=false,SEC_ALL_EDITOR=false,SEC_ALL_VIEWER=false
]
2019-05-02 10:43:38.559 DEBUG content 6671 _a-0000e255-ca76-8000-23f0-01ef9001ef90_31545 Processing reference: ContentRole[name=readers,inherit=true,allowForAll=false]
2019-05-02 10:43:38.559 DEBUG content 6671 _a-0000e255-ca76-8000-23f0-01ef9001ef90_31545 Processing reference: ContentRole[name=authors,inherit=true,allowForAll=false]
2019-05-02 10:43:38.559 DEBUG content 6671 _a-0000e255-ca76-8000-23f0-01ef9001ef90_31545 Processing reference: ContentRole[name=administrators,inherit=true,allowForAll=false]
2019-05-02 10:43:38.559 DEBUG content 6671 _a-0000e255-ca76-8000-23f0-01ef9001ef90_31545 Processing reference: ContentRole[name=denyReaders,inherit=false,allowForAll=false]
2019-05-02 10:43:38.559 DEBUG content 6671 _a-0000e255-ca76-8000-23f0-01ef9001ef90_31545 Processing reference: ContentRole[name=denyAuthors,inherit=false,allowForAll=false]
2019-05-02 10:43:38.559 DEBUG content 6671 _a-0000e255-ca76-8000-23f0-01ef9001ef90_31545 Processing reference: ContentRole[name=denyAdministrators,inherit=false,allowForAll=false]
2019-05-02 10:43:38.56 DEBUG content 6671 _a-0000e255-ca76-8000-23f0-01ef9001ef90_31545 Completing produce.
2019-05-02 10:43:38.56 DEBUG content 6671 _a-0000e255-ca76-8000-23f0-01ef9001ef90_31545 Exporting binary resources.
2019-05-02 10:43:38.56 DEBUG content 6671 _a-0000e255-ca76-8000-23f0-01ef9001ef90_31545 Serializing object to XML.
2019-05-02 10:43:38.563 DEBUG content 6671 _a-0000e255-ca76-8000-23f0-01ef9001ef90_31545 Object transported.
2019-05-02 10:43:38.563 DEBUG content 6672 _a-0000e255-ca76-8000-23f0-01ef9001ef90_33392 Begin transport.
2019-05-02 10:43:38.563 DEBUG content 6672 _a-0000e255-ca76-8000-23f0-01ef9001ef90_33392 Retrieving object data.
2019-05-02 10:43:38.572 DEBUG content 6672 _a-0000e255-ca76-8000-23f0-01ef9001ef90_33392 Setting uuids of object references.
2019-05-02 10:43:38.572 DEBUG content 6672 _a-0000e255-ca76-8000-23f0-01ef9001ef90_33392 Processing reference: [Content:id=6672,versionId=-1,name=EAP_getAddressDetails,type=32,subtype=0,uuid=_a-0000e255-ca76-8000-23f0-01ef9001ef90_33392,parent=6668]
2019-05-02 10:43:38.572 DEBUG content 6672 _a-0000e255-ca76-8000-23f0-01ef9001ef90_33392 Processing reference: Constant.forum
2019-05-02 10:43:38.573 DEBUG content 6672 _a-0000e255-ca76-8000-23f0-01ef9001ef90_33392 Processing reference: Constant.parent
2019-05-02 10:43:38.576 DEBUG content 6672 _a-0000e255-ca76-8000-23f0-01ef9001ef90_33392 Processing reference: com.appiancorp.suiteapi.content.ContentRoleMap@6261e88e[
  ContentRole[name=readers,inherit=true,allowForAll=false]
  ContentRole[name=authors,inherit=true,allowForAll=false]
  ContentRole[name=administrators,inherit=true,allowForAll=false]
  ContentRole[name=denyReaders,inherit=false,allowForAll=false]
  ContentRole[name=denyAuthors,inherit=false,allowForAll=false]
  ContentRole[name=denyAdministrators,inherit=false,allowForAll=false]
  securityVector=15:SEC_PUBLIC=true,SEC_CREATOR_ADMIN=false,SEC_INH_ADMIN=true,SEC_INH_EDITOR=true,SEC_INH_VIEWER=true,SEC_ALL_ADMIN=false,SEC_ALL_EDITOR=false,SEC_ALL_VIEWER=false
]
2019-05-02 10:43:38.576 DEBUG content 6672 _a-0000e255-ca76-8000-23f0-01ef9001ef90_33392 Processing reference: ContentRole[name=readers,inherit=true,allowForAll=false]
2019-05-02 10:43:38.576 DEBUG content 6672 _a-0000e255-ca76-8000-23f0-01ef9001ef90_33392 Processing reference: ContentRole[name=authors,inherit=true,allowForAll=false]
2019-05-02 10:43:38.576 DEBUG content 6672 _a-0000e255-ca76-8000-23f0-01ef9001ef90_33392 Processing reference: ContentRole[name=administrators,inherit=true,allowForAll=false]
2019-05-02 10:43:38.576 DEBUG content 6672 _a-0000e255-ca76-8000-23f0-01ef9001ef90_33392 Processing reference: ContentRole[name=denyReaders,inherit=false,allowForAll=false]
2019-05-02 10:43:38.576 DEBUG content 6672 _a-0000e255-ca76-8000-23f0-01ef9001ef90_33392 Processing reference: ContentRole[name=denyAuthors,inherit=false,allowForAll=false]
2019-05-02 10:43:38.576 DEBUG content 6672 _a-0000e255-ca76-8000-23f0-01ef9001ef90_33392 Processing reference: ContentRole[name=denyAdministrators,inherit=false,allowForAll=false]
2019-05-02 10:43:38.576 DEBUG content 6672 _a-0000e255-ca76-8000-23f0-01ef9001ef90_33392 Completing produce.
2019-05-02 10:43:38.576 DEBUG content 6672 _a-0000e255-ca76-8000-23f0-01ef9001ef90_33392 Exporting binary resources.
2019-05-02 10:43:38.576 DEBUG content 6672 _a-0000e255-ca76-8000-23f0-01ef9001ef90_33392 Serializing object to XML.
2019-05-02 10:43:38.579 DEBUG content 6672 _a-0000e255-ca76-8000-23f0-01ef9001ef90_33392 Object transported.
2019-05-02 10:43:38.579 DEBUG content 6673 _a-0000e268-07ce-8000-23f0-01ef9001ef90_31015 Begin transport.
2019-05-02 10:43:38.579 DEBUG content 6673 _a-0000e268-07ce-8000-23f0-01ef9001ef90_31015 Retrieving object data.
2019-05-02 10:43:38.589 DEBUG content 6673 _a-0000e268-07ce-8000-23f0-01ef9001ef90_31015 Setting uuids of object references.
2019-05-02 10:43:38.589 DEBUG content 6673 _a-0000e268-07ce-8000-23f0-01ef9001ef90_31015 Processing reference: [Content:id=6673,versionId=-1,name=EAP_uiSectionCustomerInfo,type=32,subtype=6,uuid=_a-0000e268-07ce-8000-23f0-01ef9001ef90_31015,parent=6668]
2019-05-02 10:43:38.59 DEBUG content 6673 _a-0000e268-07ce-8000-23f0-01ef9001ef90_31015 Processing reference: Interface.forum
2019-05-02 10:43:38.591 DEBUG content 6673 _a-0000e268-07ce-8000-23f0-01ef9001ef90_31015 Processing reference: Interface.parent
2019-05-02 10:43:38.594 DEBUG content 6673 _a-0000e268-07ce-8000-23f0-01ef9001ef90_31015 Processing reference: com.appiancorp.suiteapi.content.ContentRoleMap@78aa9b4d[
  ContentRole[name=readers,inherit=true,allowForAll=false]
  ContentRole[name=authors,inherit=true,allowForAll=false]
  ContentRole[name=administrators,inherit=true,allowForAll=false]
  ContentRole[name=denyReaders,inherit=false,allowForAll=false]
  ContentRole[name=denyAuthors,inherit=false,allowForAll=false]
  ContentRole[name=denyAdministrators,inherit=false,allowForAll=false]
  securityVector=15:SEC_PUBLIC=true,SEC_CREATOR_ADMIN=false,SEC_INH_ADMIN=true,SEC_INH_EDITOR=true,SEC_INH_VIEWER=true,SEC_ALL_ADMIN=false,SEC_ALL_EDITOR=false,SEC_ALL_VIEWER=false
]
2019-05-02 10:43:38.594 DEBUG content 6673 _a-0000e268-07ce-8000-23f0-01ef9001ef90_31015 Processing reference: ContentRole[name=readers,inherit=true,allowForAll=false]
2019-05-02 10:43:38.594 DEBUG content 6673 _a-0000e268-07ce-8000-23f0-01ef9001ef90_31015 Processing reference: ContentRole[name=authors,inherit=true,allowForAll=false]
2019-05-02 10:43:38.594 DEBUG content 6673 _a-0000e268-07ce-8000-23f0-01ef9001ef90_31015 Processing reference: ContentRole[name=administrators,inherit=true,allowForAll=false]
2019-05-02 10:43:38.594 DEBUG content 6673 _a-0000e268-07ce-8000-23f0-01ef9001ef90_31015 Processing reference: ContentRole[name=denyReaders,inherit=false,allowForAll=false]
2019-05-02 10:43:38.594 DEBUG content 6673 _a-0000e268-07ce-8000-23f0-01ef9001ef90_31015 Processing reference: ContentRole[name=denyAuthors,inherit=false,allowForAll=false]
2019-05-02 10:43:38.594 DEBUG content 6673 _a-0000e268-07ce-8000-23f0-01ef9001ef90_31015 Processing reference: ContentRole[name=denyAdministrators,inherit=false,allowForAll=false]
2019-05-02 10:43:38.594 DEBUG content 6673 _a-0000e268-07ce-8000-23f0-01ef9001ef90_31015 Completing produce.
2019-05-02 10:43:38.594 DEBUG content 6673 _a-0000e268-07ce-8000-23f0-01ef9001ef90_31015 Exporting binary resources.
2019-05-02 10:43:38.594 DEBUG content 6673 _a-0000e268-07ce-8000-23f0-01ef9001ef90_31015 Serializing object to XML.
2019-05-02 10:43:38.595 DEBUG content 6673 _a-0000e268-07ce-8000-23f0-01ef9001ef90_31015 Object transported.
2019-05-02 10:43:38.596 DEBUG processModelFolder 7 _g-0000e255-ca76-8000-23f0-014d98014d98_22 Begin transport.
2019-05-02 10:43:38.596 DEBUG processModelFolder 7 _g-0000e255-ca76-8000-23f0-014d98014d98_22 Retrieving object data.
2019-05-02 10:43:38.6 DEBUG processModelFolder 7 _g-0000e255-ca76-8000-23f0-014d98014d98_22 Setting uuids of object references.
2019-05-02 10:43:38.6 DEBUG processModelFolder 7 _g-0000e255-ca76-8000-23f0-014d98014d98_22 Processing reference: ProcessModelFolder.parentFolderId
2019-05-02 10:43:38.601 DEBUG processModelFolder 7 _g-0000e255-ca76-8000-23f0-014d98014d98_22 Processing reference: com.appiancorp.suiteapi.process.ProcessRoleMap@9618a47[
  Role[name=ADMIN_OWNER]
  Role[name=EDITOR]
  Role[name=EXPLICIT_NONMEMBER]
  Role[name=VIEWER]
  Role[name=MANAGER]
  Role[name=INITIATOR]
]
2019-05-02 10:43:38.601 DEBUG processModelFolder 7 _g-0000e255-ca76-8000-23f0-014d98014d98_22 Processing reference: Role[name=ADMIN_OWNER]
2019-05-02 10:43:38.601 DEBUG processModelFolder 7 _g-0000e255-ca76-8000-23f0-014d98014d98_22 Processing reference: Role[name=EDITOR]
2019-05-02 10:43:38.601 DEBUG processModelFolder 7 _g-0000e255-ca76-8000-23f0-014d98014d98_22 Processing reference: Role[name=EXPLICIT_NONMEMBER]
2019-05-02 10:43:38.601 DEBUG processModelFolder 7 _g-0000e255-ca76-8000-23f0-014d98014d98_22 Processing reference: Role[name=VIEWER]
2019-05-02 10:43:38.601 DEBUG processModelFolder 7 _g-0000e255-ca76-8000-23f0-014d98014d98_22 Processing reference: Role[name=MANAGER]
2019-05-02 10:43:38.601 DEBUG processModelFolder 7 _g-0000e255-ca76-8000-23f0-014d98014d98_22 Processing reference: Role[name=INITIATOR]
2019-05-02 10:43:38.601 DEBUG processModelFolder 7 _g-0000e255-ca76-8000-23f0-014d98014d98_22 Completing produce.
2019-05-02 10:43:38.601 DEBUG processModelFolder 7 _g-0000e255-ca76-8000-23f0-014d98014d98_22 Exporting binary resources.
2019-05-02 10:43:38.601 DEBUG processModelFolder 7 _g-0000e255-ca76-8000-23f0-014d98014d98_22 Serializing object to XML.
2019-05-02 10:43:38.602 DEBUG processModelFolder 7 _g-0000e255-ca76-8000-23f0-014d98014d98_22 Object transported.
2019-05-02 10:43:38.603 DEBUG processModel 625 0002e287-8d74-8000-23f0-014d98014d98 Begin transport.
2019-05-02 10:43:38.603 DEBUG processModel 625 0002e287-8d74-8000-23f0-014d98014d98 Retrieving object data.
2019-05-02 10:43:38.651 DEBUG processModel 625 0002e287-8d74-8000-23f0-014d98014d98 Setting uuids of object references.
2019-05-02 10:43:38.652 DEBUG processModel 625 0002e287-8d74-8000-23f0-014d98014d98 Processing reference: ProcessModelHaul.folderId
2019-05-02 10:43:38.653 DEBUG processModel 625 0002e287-8d74-8000-23f0-014d98014d98 Processing reference: ProcessModelHaul.modelDashboardPageId
2019-05-02 10:43:38.654 DEBUG processModel 625 0002e287-8d74-8000-23f0-014d98014d98 Processing reference: ProcessModelHaul.processDashboardPageId
2019-05-02 10:43:38.654 DEBUG processModel 625 0002e287-8d74-8000-23f0-014d98014d98 Processing reference: ProcessModel.emailAttachmentFolderId
2019-05-02 10:43:38.656 DEBUG processModel 625 0002e287-8d74-8000-23f0-014d98014d98 Processing reference: InternalForm.docId
2019-05-02 10:43:38.657 DEBUG processModel 625 0002e287-8d74-8000-23f0-014d98014d98 Processing reference: ActivityClassParameter[name=pmID,it=23,v=<null>]
2019-05-02 10:43:38.657 DEBUG processModel 625 0002e287-8d74-8000-23f0-014d98014d98 Processing reference: ActivityClassParameter[name=inMap,it=111,v={}]
2019-05-02 10:43:38.657 DEBUG processModel 625 0002e287-8d74-8000-23f0-014d98014d98 Processing reference: ActivityClassParameter[name=procInheritsPriority,it=1,v=1]
2019-05-02 10:43:38.657 DEBUG processModel 625 0002e287-8d74-8000-23f0-014d98014d98 Processing reference: ActivityClassParameter[name=pmUUID,it=3,v=]
2019-05-02 10:43:38.657 DEBUG processModel 625 0002e287-8d74-8000-23f0-014d98014d98 Processing reference: ActivityClassParameter[name=isAsynchronous,it=26,v=1]
2019-05-02 10:43:38.657 DEBUG processModel 625 0002e287-8d74-8000-23f0-014d98014d98 Processing reference: ActivityClassParameter[name=isTransparent,it=26,v=1]
2019-05-02 10:43:38.658 DEBUG processModel 625 0002e287-8d74-8000-23f0-014d98014d98 Processing reference: ActivityClassParameter[name=inheritSecurity,it=26,v=0]
2019-05-02 10:43:38.658 DEBUG processModel 625 0002e287-8d74-8000-23f0-014d98014d98 Processing reference: com.appiancorp.suiteapi.process.ProcessRoleMap@21c620cc[
  Role[name=ADMIN_OWNER]
  Role[name=EDITOR]
  Role[name=EXPLICIT_NONMEMBER]
  Role[name=VIEWER]
  Role[name=MANAGER]
  Role[name=INITIATOR]
]
2019-05-02 10:43:38.658 DEBUG processModel 625 0002e287-8d74-8000-23f0-014d98014d98 Processing reference: Role[name=ADMIN_OWNER]
2019-05-02 10:43:38.658 DEBUG processModel 625 0002e287-8d74-8000-23f0-014d98014d98 Processing reference: Role[name=EDITOR]
2019-05-02 10:43:38.658 DEBUG processModel 625 0002e287-8d74-8000-23f0-014d98014d98 Processing reference: Role[name=EXPLICIT_NONMEMBER]
2019-05-02 10:43:38.658 DEBUG processModel 625 0002e287-8d74-8000-23f0-014d98014d98 Processing reference: Role[name=VIEWER]
2019-05-02 10:43:38.658 DEBUG processModel 625 0002e287-8d74-8000-23f0-014d98014d98 Processing reference: Role[name=MANAGER]
2019-05-02 10:43:38.658 DEBUG processModel 625 0002e287-8d74-8000-23f0-014d98014d98 Processing reference: Role[name=INITIATOR]
2019-05-02 10:43:38.661 DEBUG processModel 625 0002e287-8d74-8000-23f0-014d98014d98 Completing produce.
2019-05-02 10:43:38.661 DEBUG processModel 625 0002e287-8d74-8000-23f0-014d98014d98 Exporting binary resources.
2019-05-02 10:43:38.661 DEBUG processModel 625 0002e287-8d74-8000-23f0-014d98014d98 Serializing object to XML.
2019-05-02 10:43:38.665 DEBUG processModel 625 0002e287-8d74-8000-23f0-014d98014d98 Object transported.
2019-05-02 10:43:38.667 DEBUG site 6 76485dcd-ab19-4e15-a3e5-a04001b12bd1 Begin transport.
2019-05-02 10:43:38.667 DEBUG site 6 76485dcd-ab19-4e15-a3e5-a04001b12bd1 Retrieving object data.
2019-05-02 10:43:38.696 DEBUG site 6 76485dcd-ab19-4e15-a3e5-a04001b12bd1 Setting uuids of object references.
2019-05-02 10:43:38.697 DEBUG site 6 76485dcd-ab19-4e15-a3e5-a04001b12bd1 Processing reference: SiteTemplate.accentColorExpr
2019-05-02 10:43:38.697 DEBUG site 6 76485dcd-ab19-4e15-a3e5-a04001b12bd1 Processing reference: SiteTemplate.faviconExpr
2019-05-02 10:43:38.697 DEBUG site 6 76485dcd-ab19-4e15-a3e5-a04001b12bd1 Processing reference: SiteTemplate.faviconRef
2019-05-02 10:43:38.697 DEBUG site 6 76485dcd-ab19-4e15-a3e5-a04001b12bd1 Processing reference: SiteTemplate.headerBackgroundColorExpr
2019-05-02 10:43:38.697 DEBUG site 6 76485dcd-ab19-4e15-a3e5-a04001b12bd1 Processing reference: SiteTemplate.logoExpr
2019-05-02 10:43:38.697 DEBUG site 6 76485dcd-ab19-4e15-a3e5-a04001b12bd1 Processing reference: SiteTemplate.logoRef
2019-05-02 10:43:38.697 DEBUG site 6 76485dcd-ab19-4e15-a3e5-a04001b12bd1 Processing reference: SitePage.uiObject
2019-05-02 10:43:38.7 DEBUG site 6 76485dcd-ab19-4e15-a3e5-a04001b12bd1 Processing reference: SitePage.visibilityExpr
2019-05-02 10:43:38.7 DEBUG site 6 76485dcd-ab19-4e15-a3e5-a04001b12bd1 Processing reference: SiteTemplate.selectedTabBackgroundColorExpr
2019-05-02 10:43:38.7 DEBUG site 6 76485dcd-ab19-4e15-a3e5-a04001b12bd1 Processing reference: SiteTemplate.tempoLinkViewerRefsFromUuids
2019-05-02 10:43:38.7 DEBUG site 6 76485dcd-ab19-4e15-a3e5-a04001b12bd1 Completing produce.
2019-05-02 10:43:38.7 DEBUG site 6 76485dcd-ab19-4e15-a3e5-a04001b12bd1 Exporting binary resources.
2019-05-02 10:43:38.7 DEBUG site 6 76485dcd-ab19-4e15-a3e5-a04001b12bd1 Serializing object to XML.
2019-05-02 10:43:38.706 DEBUG site 6 76485dcd-ab19-4e15-a3e5-a04001b12bd1 Object transported.
2019-05-02 10:43:38.706 DEBUG application 6674 _a-0000e21d-e06a-8000-7d53-01ef9001ef90_48669 Completing produce.
2019-05-02 10:43:38.706 DEBUG application 6674 _a-0000e21d-e06a-8000-7d53-01ef9001ef90_48669 Exporting binary resources.
2019-05-02 10:43:38.706 DEBUG application 6674 _a-0000e21d-e06a-8000-7d53-01ef9001ef90_48669 Serializing object to XML.
2019-05-02 10:43:38.707 DEBUG application 6674 _a-0000e21d-e06a-8000-7d53-01ef9001ef90_48669 Object transported.
